<?xml version="1.0" encoding="UTF-8"?>
<!-- Generated by org.testng.reporters.JUnitReportReporter -->
<testsuite hostname="IN-PG02NJP8" failures="0" tests="6" name="Runner.TestRunner" time="176.450" errors="0" timestamp="22 Mar 2022 14:18:08 GMT" skipped="0">
  <testcase classname="Runner.TestRunner" name="runScenario" time="25.899"/>
  <testcase classname="Runner.TestRunner" name="runScenario" time="22.725"/>
  <testcase classname="Runner.TestRunner" name="runScenario" time="34.619"/>
  <testcase classname="Runner.TestRunner" name="runScenario" time="28.439"/>
  <testcase classname="Runner.TestRunner" name="runScenario" time="36.685"/>
  <testcase classname="Runner.TestRunner" name="runScenario" time="28.083"/>
</testsuite> <!-- Runner.TestRunner -->
